commit 57e86879e99cba91c44987f913fac761e57d6f0d
Merge: 5ed2563 7b60117
Author: Shaowei Zhou <weizsw888@gmail.com>
Date:   Sat Jan 21 17:01:03 2017 -0600

    Merge branch 'master' into szz63

commit 7b60117363f48056a8d96fb2b80eac06a9a20ca3
Merge: f1ce264 5ed2563
Author: Shaowei Zhou <weizsw888@gmail.com>
Date:   Sat Jan 21 17:00:04 2017 -0600

    Merge branch 'szz63'

commit 5ed25633c2799a4accd0088f76e6d267d81ec3f6
Author: Shaowei Zhou <weizsw888@gmail.com>
Date:   Sat Jan 21 16:59:53 2017 -0600

    added

 Makefile             |  2 +-
 sentences/_HEADERS.h |  2 ++
 sentences/szz63.c    | 18 ++++++++++++++++++
 story.c              |  2 ++
 the_story.txt        |  4 +++-
 5 files changed, 26 insertions(+), 2 deletions(-)

commit f1ce264cce970c576b4e953bc8beb06d71086fc9
Merge: fb8260b 0d8b73a
Author: Ryan Lapeyre <ryanlapeyre@gmail.com>
Date:   Sat Jan 21 16:49:04 2017 -0600

    Merge pull request #9 from Hackers-To-Engineers/rml3md
    
    Updated the_story.txt file.

commit 0d8b73a563105d80c916f22e30022cb9e9ebee60
Author: ryanlapeyre <ryanlapeyre@gmail.com>
Date:   Sat Jan 21 16:43:09 2017 -0600

    Updated the_story.txt file.

 the_story.txt | 4 +++-
 1 file changed, 3 insertions(+), 1 deletion(-)

commit fb8260b3618fdfe31bd3ec2a0d6c5378275c9318
Merge: d7e5e60 5b6aa88
Author: Ryan Lapeyre <ryanlapeyre@gmail.com>
Date:   Sat Jan 21 16:36:27 2017 -0600

    Merge pull request #8 from Hackers-To-Engineers/rml3md
    
    Added my files and updated the Makefile.

commit 5b6aa88ec630885d594cb077e54840bf9e0a1692
Author: ryanlapeyre <ryanlapeyre@gmail.com>
Date:   Sat Jan 21 16:34:42 2017 -0600

    Added my files and updated the Makefile.

 Makefile             |  2 +-
 sentences/_HEADERS.h |  2 ++
 sentences/rml3md.c   | 16 ++++++++++++++++
 story.c              |  3 +++
 4 files changed, 22 insertions(+), 1 deletion(-)

commit d7e5e60824ce511e5f5e5957b5772f02d8810106
Merge: 07101d4 46cf6eb
Author: Michael Smith <mdsf3f@mail.missouri.edu>
Date:   Sat Jan 21 16:13:31 2017 -0600

    Merge branch 'mdsf3f'

commit 07101d49f075a84bda93978c912b2a976ef1ea06
Author: Chen <acmyf@tc-login.cobalt.lan>
Date:   Sat Jan 21 15:59:10 2017 -0600

    Alain's commit

 Makefile             |  2 +-
 sentences/_HEADERS.h |  7 +++++--
 sentences/acmyf.c    | 18 ++++++++++++++++++
 story.c              |  8 ++++++--
 the_story.txt        | 11 +++++++----
 5 files changed, 37 insertions(+), 9 deletions(-)

commit 46cf6eb27d43554d21b93d176f612bf4409ce3f6
Author: Michael Smith <mdsf3f@mail.missouri.edu>
Date:   Sat Jan 21 15:58:22 2017 -0600

    Updated makefile

 Makefile      | 2 +-
 the_story.txt | 6 ++++--
 2 files changed, 5 insertions(+), 3 deletions(-)

commit 267a98a791eb1f4f2415b327ba16e1849a452bb7
Author: Michael Smith <mdsf3f@mail.missouri.edu>
Date:   Sat Jan 21 15:57:17 2017 -0600

    Created sentences and updated the story file.

 sentences/mdsf3f.c | 4 ++--
 story.c            | 2 ++
 2 files changed, 4 insertions(+), 2 deletions(-)

commit 9fec356395bdc26d59bbf22ff94f57a43e3f2011
Author: Michael Smith <mdsf3f@mail.missouri.edu>
Date:   Sat Jan 21 15:52:55 2017 -0600

    Created sentence file and fixed building issues

 Makefile             |  2 +-
 sentences/_HEADERS.h |  6 ++++--
 sentences/mdsf3f.c   | 12 ++++++++++++
 sentences/nasz8f.c   |  4 ++--
 story.c              |  4 ++--
 the_story.txt        |  8 +++++---
 6 files changed, 26 insertions(+), 10 deletions(-)

commit 75485a3b44dc89bd63f77d63bf83d7d91650ee36
Merge: 80d35e8 1a1b910
Author: nasz8f <nasz8f@mail.missouri.edu>
Date:   Sat Jan 21 14:44:47 2017 -0600

    Merge pull request #7 from Hackers-To-Engineers/nasz8f
    
    Nasz8f

commit 1a1b91080f2c712dc440db2b3b6820e7b24259f6
Author: nasz8f <nasz8f@mail.missouri.edu>
Date:   Sat Jan 21 14:40:26 2017 -0600

    Update the_story.txt

 the_story.txt | 3 ++-
 1 file changed, 2 insertions(+), 1 deletion(-)

commit 815b7bcc706e47fa890072327a6b565612c99f2e
Author: nasz8f <nasz8f@mail.missouri.edu>
Date:   Sat Jan 21 14:38:25 2017 -0600

    Update story.c

 story.c | 2 ++
 1 file changed, 2 insertions(+)

commit 317f322c5a6e76e8f63572d07fd1b95fe85dd2d4
Author: nasz8f <nasz8f@mail.missouri.edu>
Date:   Sat Jan 21 14:32:58 2017 -0600

    Update _HEADERS.h

 sentences/_HEADERS.h | 4 +++-
 1 file changed, 3 insertions(+), 1 deletion(-)

commit 1016f2850b2baaf7c53bdb6c6e897486507f131d
Author: nasz8f <nasz8f@mail.missouri.edu>
Date:   Sat Jan 21 14:30:06 2017 -0600

    my files

 sentences/nasz8f.c | 13 +++++++++++++
 1 file changed, 13 insertions(+)

commit 80d35e8a49dbb756f1fd95f5989fb6ab2a59c985
Merge: 6625081 1c255c2
Author: FireLemons <shenyang64@gmail.com>
Date:   Sat Jan 21 14:25:47 2017 -0600

    Merge branch 'syg84'
    
    Merged syg84 into master

commit 1c255c21f8a49585c512e06c8b6ff430f6feb908
Author: FireLemons <shenyang64@gmail.com>
Date:   Sat Jan 21 14:24:54 2017 -0600

    makefile updated

 Makefile | 2 +-
 1 file changed, 1 insertion(+), 1 deletion(-)

commit a802a79cdbeb69a155ef96d61002026a7e172b58
Author: FireLemons <shenyang64@gmail.com>
Date:   Sat Jan 21 14:24:13 2017 -0600

    story updated

 story.c | 2 ++
 1 file changed, 2 insertions(+)

commit c80274b125a07b4df44d23cc852de487056d86b7
Author: FireLemons <shenyang64@gmail.com>
Date:   Sat Jan 21 14:23:00 2017 -0600

    made functions and headers

 sentences/_HEADERS.h |  2 ++
 sentences/syg84.c    | 16 ++++++++++++++++
 2 files changed, 18 insertions(+)

commit 66250814f47b369146f911e75820b1657547e8c3
Author: nasz8f <nasz8f@mail.missouri.edu>
Date:   Sat Jan 21 14:21:25 2017 -0600

    Add files via upload
    
    My 2 sentences to be added.

 sentences/nasz8f.c | 13 +++++++++++++
 1 file changed, 13 insertions(+)

commit cb3c0298b9eebf5b37214a50f11bf92671ac5303
Author: FireLemons <shenyang64@gmail.com>
Date:   Sat Jan 21 14:17:51 2017 -0600

    clumsy reset bc I forgot to make a branch

 Makefile             | 2 +-
 sentences/_HEADERS.h | 2 --
 sentences/syg84.c    | 0
 story.c              | 2 --
 4 files changed, 1 insertion(+), 5 deletions(-)

commit f9e72bc2896c0991ce915706a22956bbe4fb7d34
Author: FireLemons <shenyang64@gmail.com>
Date:   Sat Jan 21 14:11:07 2017 -0600

    forgot c file

 story.c | 2 ++
 1 file changed, 2 insertions(+)

commit beeab7723d7223cb2b6fc4d2d063285b4c3dea64
Author: FireLemons <shenyang64@gmail.com>
Date:   Sat Jan 21 14:08:35 2017 -0600

    all working

 Makefile             | 2 +-
 sentences/_HEADERS.h | 4 +++-
 2 files changed, 4 insertions(+), 2 deletions(-)

commit bf389b7d3842861e054fd9df7392d9b934afbd89
Author: FireLemons <shenyang64@gmail.com>
Date:   Sat Jan 21 14:07:16 2017 -0600

    made c file

 sentences/syg84.c | 0
 1 file changed, 0 insertions(+), 0 deletions(-)

commit 4fecad1dd1a267f36de55403f8fcb1c5ecf30131
Merge: 35b3099 fb5de1b
Author: Peter <p.eckelmann@gmail.com>
Date:   Sat Jan 21 08:42:17 2017 -0600

    Merge remote-tracking branch 'refs/remotes/origin/pje279'

commit fb5de1b18fe9b8480a14e8b0616f21c2038f784c
Author: Peter <p.eckelmann@gmail.com>
Date:   Sat Jan 21 08:39:09 2017 -0600

    Added my sentences.

 Makefile             |  2 +-
 sentences/_HEADERS.h |  2 ++
 sentences/pje279.c   | 15 +++++++++++++++
 story.c              |  4 ++--
 the_story.txt        |  8 ++++++--
 5 files changed, 26 insertions(+), 5 deletions(-)

commit 35b30992bcf05044828ed12fa9914859b6d355d8
Merge: cb8886c c4ca44c
Author: Samuel Holland <samuel@sholland.org>
Date:   Thu Jan 19 13:35:15 2017 -0600

    Merge branch 'snhqm9'

commit c4ca44c5e7c789491b9aeedffff7ff706825bcac
Author: Samuel Holland <samuel@sholland.org>
Date:   Thu Jan 19 13:27:46 2017 -0600

    snhqm9: add my two sentences

 Makefile             | 10 ++++------
 sentences/_HEADERS.h |  5 ++---
 sentences/snhqm9.c   | 34 ++++++++++++++++++++++++++++++++++
 story.c              | 11 +++++++----
 the_story.txt        |  5 ++++-
 5 files changed, 51 insertions(+), 14 deletions(-)

commit 32d5661bab9d56137f6a3f02ec0913b4cccbb2ac
Author: Samuel Holland <samuel@sholland.org>
Date:   Thu Jan 19 13:33:48 2017 -0600

    use sed to remove trailing whitespace

 Makefile | 2 +-
 1 file changed, 1 insertion(+), 1 deletion(-)

commit 89efc846fc7f87c3e5b86dec09924a8478365e35
Author: Samuel Holland <samuel@sholland.org>
Date:   Thu Jan 19 13:28:35 2017 -0600

    use fold to avoid needing a newline after each sentence

 Makefile | 2 +-
 1 file changed, 1 insertion(+), 1 deletion(-)

commit bd0136891ce553454ee0b097b9b6a3f82b915dea
Author: Samuel Holland <samuel@sholland.org>
Date:   Thu Jan 19 13:29:04 2017 -0600

    'make test' should depend on the built binary

 Makefile | 2 +-
 1 file changed, 1 insertion(+), 1 deletion(-)

commit 15f08c224c9bfdef0824d978d331d4a32fcfb0a8
Author: Samuel Holland <samuel@sholland.org>
Date:   Thu Jan 19 12:57:49 2017 -0600

    minor cleanup
    
    - add gitignore to avoid checking in object files
    - the_story.txt does not need to be executable
    - typo fixes in Makefile
    - be slightly more explicit with Makefile rules

 .gitignore    | 2 ++
 Makefile      | 8 ++++----
 the_story.txt | 0
 3 files changed, 6 insertions(+), 4 deletions(-)

commit cb8886c41c12c675360536fcd516d5bd4ce412c5
Author: Goggins, Sean Patrick <gogginss@missouri.edu>
Date:   Thu Jan 19 12:04:54 2017 -0600

    Added Assignment Instructions

 Github exercise_1.docx | Bin 0 -> 133730 bytes
 Github exercise_1.pdf  | Bin 0 -> 117575 bytes
 2 files changed, 0 insertions(+), 0 deletions(-)

commit 6dbaafaf7570c7046cf8af687679ec17cfcd17e0
Author: Goggins, Sean Patrick <gogginss@missouri.edu>
Date:   Thu Jan 19 12:00:23 2017 -0600

    Initial Commit

 Makefile             | 70 ++++++++++++++++++++++++++++++++++++++++++++++++++++
 README.md            |  4 +++
 sentences/_HEADERS.h | 10 ++++++++
 sentences/bpbkt7.c   | 18 ++++++++++++++
 story.c              | 26 +++++++++++++++++++
 the_story.txt        |  9 +++++++
 6 files changed, 137 insertions(+)
